mode: set
github.com/martinsd3v/planets/core/domains/planet/services/create/create_planet_service.go:33.122,39.16 5 1
github.com/martinsd3v/planets/core/domains/planet/services/create/create_planet_service.go:44.2,44.47 1 1
github.com/martinsd3v/planets/core/domains/planet/services/create/create_planet_service.go:48.2,48.30 1 1
github.com/martinsd3v/planets/core/domains/planet/services/create/create_planet_service.go:56.2,72.16 8 1
github.com/martinsd3v/planets/core/domains/planet/services/create/create_planet_service.go:78.2,79.8 2 1
github.com/martinsd3v/planets/core/domains/planet/services/create/create_planet_service.go:39.16,41.3 1 1
github.com/martinsd3v/planets/core/domains/planet/services/create/create_planet_service.go:44.47,46.3 1 1
github.com/martinsd3v/planets/core/domains/planet/services/create/create_planet_service.go:48.30,54.3 5 1
github.com/martinsd3v/planets/core/domains/planet/services/create/create_planet_service.go:72.16,76.3 3 1
github.com/martinsd3v/planets/core/domains/planet/services/destroy/destroy_planet_service.go:18.101,21.16 2 1
github.com/martinsd3v/planets/core/domains/planet/services/destroy/destroy_planet_service.go:28.2,29.16 2 1
github.com/martinsd3v/planets/core/domains/planet/services/destroy/destroy_planet_service.go:35.2,35.23 1 1
github.com/martinsd3v/planets/core/domains/planet/services/destroy/destroy_planet_service.go:47.2,49.8 3 1
github.com/martinsd3v/planets/core/domains/planet/services/destroy/destroy_planet_service.go:21.16,26.3 4 1
github.com/martinsd3v/planets/core/domains/planet/services/destroy/destroy_planet_service.go:29.16,33.3 3 1
github.com/martinsd3v/planets/core/domains/planet/services/destroy/destroy_planet_service.go:35.23,37.17 2 1
github.com/martinsd3v/planets/core/domains/planet/services/destroy/destroy_planet_service.go:43.3,44.9 2 1
github.com/martinsd3v/planets/core/domains/planet/services/destroy/destroy_planet_service.go:37.17,41.4 3 1
github.com/martinsd3v/planets/core/domains/planet/services/films/films_planet_service.go:31.77,33.58 2 1
github.com/martinsd3v/planets/core/domains/planet/services/films/films_planet_service.go:37.2,39.16 3 1
github.com/martinsd3v/planets/core/domains/planet/services/films/films_planet_service.go:44.2,46.16 3 1
github.com/martinsd3v/planets/core/domains/planet/services/films/films_planet_service.go:51.2,51.28 1 1
github.com/martinsd3v/planets/core/domains/planet/services/films/films_planet_service.go:60.2,60.22 1 1
github.com/martinsd3v/planets/core/domains/planet/services/films/films_planet_service.go:33.58,35.3 1 1
github.com/martinsd3v/planets/core/domains/planet/services/films/films_planet_service.go:39.16,42.3 2 1
github.com/martinsd3v/planets/core/domains/planet/services/films/films_planet_service.go:46.16,49.3 2 1
github.com/martinsd3v/planets/core/domains/planet/services/films/films_planet_service.go:51.28,52.38 1 1
github.com/martinsd3v/planets/core/domains/planet/services/films/films_planet_service.go:56.3,57.79 2 1
github.com/martinsd3v/planets/core/domains/planet/services/films/films_planet_service.go:52.38,54.4 1 1
github.com/martinsd3v/planets/core/domains/planet/services/index/index_planet_service.go:19.146,23.16 3 1
github.com/martinsd3v/planets/core/domains/planet/services/index/index_planet_service.go:29.2,30.8 2 1
github.com/martinsd3v/planets/core/domains/planet/services/index/index_planet_service.go:23.16,27.3 3 1
github.com/martinsd3v/planets/core/domains/planet/services/show/show_planet_service.go:19.125,23.16 3 1
github.com/martinsd3v/planets/core/domains/planet/services/show/show_planet_service.go:29.2,30.8 2 1
github.com/martinsd3v/planets/core/domains/planet/services/show/show_planet_service.go:23.16,27.3 3 1
github.com/martinsd3v/planets/core/domains/planet/services/update/update_planet_service.go:34.122,40.16 4 1
github.com/martinsd3v/planets/core/domains/planet/services/update/update_planet_service.go:46.2,48.16 3 1
github.com/martinsd3v/planets/core/domains/planet/services/update/update_planet_service.go:53.2,53.56 1 1
github.com/martinsd3v/planets/core/domains/planet/services/update/update_planet_service.go:57.2,57.23 1 1
github.com/martinsd3v/planets/core/domains/planet/services/update/update_planet_service.go:61.2,61.30 1 1
github.com/martinsd3v/planets/core/domains/planet/services/update/update_planet_service.go:70.2,82.16 6 1
github.com/martinsd3v/planets/core/domains/planet/services/update/update_planet_service.go:88.2,89.8 2 1
github.com/martinsd3v/planets/core/domains/planet/services/update/update_planet_service.go:40.16,44.3 3 1
github.com/martinsd3v/planets/core/domains/planet/services/update/update_planet_service.go:48.16,50.3 1 1
github.com/martinsd3v/planets/core/domains/planet/services/update/update_planet_service.go:53.56,55.3 1 1
github.com/martinsd3v/planets/core/domains/planet/services/update/update_planet_service.go:57.23,59.3 1 1
github.com/martinsd3v/planets/core/domains/planet/services/update/update_planet_service.go:61.30,67.3 5 1
github.com/martinsd3v/planets/core/domains/planet/services/update/update_planet_service.go:82.16,86.3 3 1
github.com/martinsd3v/planets/core/domains/user/services/authenticate/authenticate_user_service.go:29.111,33.30 3 1
github.com/martinsd3v/planets/core/domains/user/services/authenticate/authenticate_user_service.go:41.2,42.16 2 1
github.com/martinsd3v/planets/core/domains/user/services/authenticate/authenticate_user_service.go:48.2,48.21 1 1
github.com/martinsd3v/planets/core/domains/user/services/authenticate/authenticate_user_service.go:67.2,68.8 2 1
github.com/martinsd3v/planets/core/domains/user/services/authenticate/authenticate_user_service.go:33.30,39.3 5 1
github.com/martinsd3v/planets/core/domains/user/services/authenticate/authenticate_user_service.go:42.16,46.3 3 1
github.com/martinsd3v/planets/core/domains/user/services/authenticate/authenticate_user_service.go:48.21,52.20 2 1
github.com/martinsd3v/planets/core/domains/user/services/authenticate/authenticate_user_service.go:52.20,54.18 2 1
github.com/martinsd3v/planets/core/domains/user/services/authenticate/authenticate_user_service.go:60.4,62.10 3 1
github.com/martinsd3v/planets/core/domains/user/services/authenticate/authenticate_user_service.go:54.18,58.5 3 1
github.com/martinsd3v/planets/core/domains/user/services/create/create_user_service.go:30.120,35.16 4 1
github.com/martinsd3v/planets/core/domains/user/services/create/create_user_service.go:40.2,40.32 1 1
github.com/martinsd3v/planets/core/domains/user/services/create/create_user_service.go:44.2,44.30 1 1
github.com/martinsd3v/planets/core/domains/user/services/create/create_user_service.go:53.2,64.16 7 1
github.com/martinsd3v/planets/core/domains/user/services/create/create_user_service.go:70.2,71.8 2 1
github.com/martinsd3v/planets/core/domains/user/services/create/create_user_service.go:35.16,37.3 1 1
github.com/martinsd3v/planets/core/domains/user/services/create/create_user_service.go:40.32,42.3 1 1
github.com/martinsd3v/planets/core/domains/user/services/create/create_user_service.go:44.30,50.3 5 1
github.com/martinsd3v/planets/core/domains/user/services/create/create_user_service.go:64.16,68.3 3 1
github.com/martinsd3v/planets/core/domains/user/services/destroy/destroy_user_service.go:18.101,21.16 2 1
github.com/martinsd3v/planets/core/domains/user/services/destroy/destroy_user_service.go:28.2,29.16 2 1
github.com/martinsd3v/planets/core/domains/user/services/destroy/destroy_user_service.go:35.2,35.21 1 1
github.com/martinsd3v/planets/core/domains/user/services/destroy/destroy_user_service.go:47.2,49.8 3 1
github.com/martinsd3v/planets/core/domains/user/services/destroy/destroy_user_service.go:21.16,26.3 4 1
github.com/martinsd3v/planets/core/domains/user/services/destroy/destroy_user_service.go:29.16,33.3 3 1
github.com/martinsd3v/planets/core/domains/user/services/destroy/destroy_user_service.go:35.21,37.17 2 1
github.com/martinsd3v/planets/core/domains/user/services/destroy/destroy_user_service.go:43.3,44.9 2 1
github.com/martinsd3v/planets/core/domains/user/services/destroy/destroy_user_service.go:37.17,41.4 3 1
github.com/martinsd3v/planets/core/domains/user/services/index/index_user_service.go:19.110,23.16 3 1
github.com/martinsd3v/planets/core/domains/user/services/index/index_user_service.go:29.2,30.8 2 1
github.com/martinsd3v/planets/core/domains/user/services/index/index_user_service.go:23.16,27.3 3 1
github.com/martinsd3v/planets/core/domains/user/services/show/show_user_service.go:19.121,23.16 3 1
github.com/martinsd3v/planets/core/domains/user/services/show/show_user_service.go:29.2,30.8 2 1
github.com/martinsd3v/planets/core/domains/user/services/show/show_user_service.go:23.16,27.3 3 1
github.com/martinsd3v/planets/core/domains/user/services/update/update_user_service.go:31.120,37.16 4 1
github.com/martinsd3v/planets/core/domains/user/services/update/update_user_service.go:41.2,41.68 1 1
github.com/martinsd3v/planets/core/domains/user/services/update/update_user_service.go:46.2,47.16 2 1
github.com/martinsd3v/planets/core/domains/user/services/update/update_user_service.go:53.2,53.31 1 1
github.com/martinsd3v/planets/core/domains/user/services/update/update_user_service.go:57.2,57.30 1 1
github.com/martinsd3v/planets/core/domains/user/services/update/update_user_service.go:66.2,66.24 1 1
github.com/martinsd3v/planets/core/domains/user/services/update/update_user_service.go:73.2,78.16 4 1
github.com/martinsd3v/planets/core/domains/user/services/update/update_user_service.go:84.2,85.8 2 1
github.com/martinsd3v/planets/core/domains/user/services/update/update_user_service.go:37.16,39.3 1 1
github.com/martinsd3v/planets/core/domains/user/services/update/update_user_service.go:41.68,43.3 1 1
github.com/martinsd3v/planets/core/domains/user/services/update/update_user_service.go:47.16,51.3 3 1
github.com/martinsd3v/planets/core/domains/user/services/update/update_user_service.go:53.31,55.3 1 1
github.com/martinsd3v/planets/core/domains/user/services/update/update_user_service.go:57.30,63.3 5 1
github.com/martinsd3v/planets/core/domains/user/services/update/update_user_service.go:66.24,68.3 1 1
github.com/martinsd3v/planets/core/domains/user/services/update/update_user_service.go:68.8,70.3 1 1
github.com/martinsd3v/planets/core/domains/user/services/update/update_user_service.go:78.16,82.3 3 1
github.com/martinsd3v/planets/core/tools/providers/hash/password_hash.go:11.26,13.2 1 1
github.com/martinsd3v/planets/core/tools/providers/hash/password_hash.go:19.57,22.2 2 1
github.com/martinsd3v/planets/core/tools/providers/hash/password_hash.go:25.71,28.2 2 1
github.com/martinsd3v/planets/core/tools/providers/jwt/token.go:27.35,31.2 1 1
github.com/martinsd3v/planets/core/tools/providers/jwt/token.go:37.78,49.2 8 1
github.com/martinsd3v/planets/core/tools/providers/jwt/token.go:52.54,56.2 2 1
github.com/martinsd3v/planets/core/tools/providers/jwt/token.go:59.75,60.32 1 1
github.com/martinsd3v/planets/core/tools/providers/jwt/token.go:76.2,76.41 1 1
github.com/martinsd3v/planets/core/tools/providers/jwt/token.go:60.32,62.17 2 1
github.com/martinsd3v/planets/core/tools/providers/jwt/token.go:62.17,64.18 2 1
github.com/martinsd3v/planets/core/tools/providers/jwt/token.go:64.18,66.19 2 1
github.com/martinsd3v/planets/core/tools/providers/jwt/token.go:66.19,71.6 2 1
github.com/martinsd3v/planets/core/tools/validations/validator/date.go:10.61,28.10 5 1
github.com/martinsd3v/planets/core/tools/validations/validator/date.go:36.2,39.10 3 1
github.com/martinsd3v/planets/core/tools/validations/validator/date.go:46.2,49.39 3 1
github.com/martinsd3v/planets/core/tools/validations/validator/date.go:57.2,59.20 2 1
github.com/martinsd3v/planets/core/tools/validations/validator/date.go:67.2,67.8 1 1
github.com/martinsd3v/planets/core/tools/validations/validator/date.go:28.10,33.3 4 1
github.com/martinsd3v/planets/core/tools/validations/validator/date.go:39.10,44.3 4 1
github.com/martinsd3v/planets/core/tools/validations/validator/date.go:49.39,55.3 5 1
github.com/martinsd3v/planets/core/tools/validations/validator/date.go:59.20,61.3 1 1
github.com/martinsd3v/planets/core/tools/validations/validator/date.go:61.8,61.23 1 1
github.com/martinsd3v/planets/core/tools/validations/validator/date.go:61.23,63.3 1 1
github.com/martinsd3v/planets/core/tools/validations/validator/date.go:63.8,65.3 1 1
github.com/martinsd3v/planets/core/tools/validations/validator/util.go:10.40,13.2 2 1
github.com/martinsd3v/planets/core/tools/validations/validator/util.go:16.58,19.2 2 1
github.com/martinsd3v/planets/core/tools/validations/validator/util.go:22.31,24.50 2 1
github.com/martinsd3v/planets/core/tools/validations/validator/util.go:27.2,27.18 1 1
github.com/martinsd3v/planets/core/tools/validations/validator/util.go:24.50,26.3 1 1
github.com/martinsd3v/planets/core/tools/validations/validator/util.go:31.43,33.2 1 1
