mode: set
github.com/martinsd3v/planets/core/domains/planet/services/create/create_planet_service.go:34.122,44.16 7 1
github.com/martinsd3v/planets/core/domains/planet/services/create/create_planet_service.go:49.2,49.29 1 1
github.com/martinsd3v/planets/core/domains/planet/services/create/create_planet_service.go:53.2,53.30 1 1
github.com/martinsd3v/planets/core/domains/planet/services/create/create_planet_service.go:61.2,77.16 8 1
github.com/martinsd3v/planets/core/domains/planet/services/create/create_planet_service.go:83.2,84.8 2 1
github.com/martinsd3v/planets/core/domains/planet/services/create/create_planet_service.go:44.16,46.3 1 1
github.com/martinsd3v/planets/core/domains/planet/services/create/create_planet_service.go:49.29,51.3 1 1
github.com/martinsd3v/planets/core/domains/planet/services/create/create_planet_service.go:53.30,59.3 5 1
github.com/martinsd3v/planets/core/domains/planet/services/create/create_planet_service.go:77.16,81.3 3 1
github.com/martinsd3v/planets/core/domains/planet/services/destroy/destroy_planet_service.go:19.101,26.16 5 1
github.com/martinsd3v/planets/core/domains/planet/services/destroy/destroy_planet_service.go:33.2,34.16 2 1
github.com/martinsd3v/planets/core/domains/planet/services/destroy/destroy_planet_service.go:40.2,40.23 1 1
github.com/martinsd3v/planets/core/domains/planet/services/destroy/destroy_planet_service.go:52.2,54.8 3 1
github.com/martinsd3v/planets/core/domains/planet/services/destroy/destroy_planet_service.go:26.16,31.3 4 1
github.com/martinsd3v/planets/core/domains/planet/services/destroy/destroy_planet_service.go:34.16,38.3 3 1
github.com/martinsd3v/planets/core/domains/planet/services/destroy/destroy_planet_service.go:40.23,42.17 2 1
github.com/martinsd3v/planets/core/domains/planet/services/destroy/destroy_planet_service.go:48.3,49.9 2 1
github.com/martinsd3v/planets/core/domains/planet/services/destroy/destroy_planet_service.go:42.17,46.4 3 1
github.com/martinsd3v/planets/core/domains/planet/services/films/films_planet_service.go:32.71,38.57 5 1
github.com/martinsd3v/planets/core/domains/planet/services/films/films_planet_service.go:42.2,44.16 3 1
github.com/martinsd3v/planets/core/domains/planet/services/films/films_planet_service.go:49.2,51.16 3 1
github.com/martinsd3v/planets/core/domains/planet/services/films/films_planet_service.go:56.2,56.28 1 1
github.com/martinsd3v/planets/core/domains/planet/services/films/films_planet_service.go:65.2,65.22 1 1
github.com/martinsd3v/planets/core/domains/planet/services/films/films_planet_service.go:38.57,40.3 1 1
github.com/martinsd3v/planets/core/domains/planet/services/films/films_planet_service.go:44.16,47.3 2 1
github.com/martinsd3v/planets/core/domains/planet/services/films/films_planet_service.go:51.16,54.3 2 1
github.com/martinsd3v/planets/core/domains/planet/services/films/films_planet_service.go:56.28,57.38 1 1
github.com/martinsd3v/planets/core/domains/planet/services/films/films_planet_service.go:61.3,62.78 2 1
github.com/martinsd3v/planets/core/domains/planet/services/films/films_planet_service.go:57.38,59.4 1 1
github.com/martinsd3v/planets/core/domains/planet/services/index/index_planet_service.go:20.146,28.16 6 1
github.com/martinsd3v/planets/core/domains/planet/services/index/index_planet_service.go:34.2,35.8 2 1
github.com/martinsd3v/planets/core/domains/planet/services/index/index_planet_service.go:28.16,32.3 3 1
github.com/martinsd3v/planets/core/domains/planet/services/show/show_planet_service.go:20.125,28.16 6 1
github.com/martinsd3v/planets/core/domains/planet/services/show/show_planet_service.go:34.2,35.8 2 1
github.com/martinsd3v/planets/core/domains/planet/services/show/show_planet_service.go:28.16,32.3 3 1
github.com/martinsd3v/planets/core/domains/planet/services/update/update_planet_service.go:35.122,45.16 7 1
github.com/martinsd3v/planets/core/domains/planet/services/update/update_planet_service.go:51.2,52.16 2 1
github.com/martinsd3v/planets/core/domains/planet/services/update/update_planet_service.go:57.2,57.65 1 1
github.com/martinsd3v/planets/core/domains/planet/services/update/update_planet_service.go:61.2,61.23 1 1
github.com/martinsd3v/planets/core/domains/planet/services/update/update_planet_service.go:65.2,65.30 1 1
github.com/martinsd3v/planets/core/domains/planet/services/update/update_planet_service.go:74.2,86.16 6 1
github.com/martinsd3v/planets/core/domains/planet/services/update/update_planet_service.go:92.2,93.8 2 1
github.com/martinsd3v/planets/core/domains/planet/services/update/update_planet_service.go:45.16,49.3 3 1
github.com/martinsd3v/planets/core/domains/planet/services/update/update_planet_service.go:52.16,54.3 1 1
github.com/martinsd3v/planets/core/domains/planet/services/update/update_planet_service.go:57.65,59.3 1 1
github.com/martinsd3v/planets/core/domains/planet/services/update/update_planet_service.go:61.23,63.3 1 1
github.com/martinsd3v/planets/core/domains/planet/services/update/update_planet_service.go:65.30,71.3 5 1
github.com/martinsd3v/planets/core/domains/planet/services/update/update_planet_service.go:86.16,90.3 3 1
github.com/martinsd3v/planets/core/domains/user/services/authenticate/authenticate_user_service.go:29.111,33.30 3 1
github.com/martinsd3v/planets/core/domains/user/services/authenticate/authenticate_user_service.go:41.2,42.16 2 1
github.com/martinsd3v/planets/core/domains/user/services/authenticate/authenticate_user_service.go:48.2,48.21 1 1
github.com/martinsd3v/planets/core/domains/user/services/authenticate/authenticate_user_service.go:67.2,68.8 2 1
github.com/martinsd3v/planets/core/domains/user/services/authenticate/authenticate_user_service.go:33.30,39.3 5 1
github.com/martinsd3v/planets/core/domains/user/services/authenticate/authenticate_user_service.go:42.16,46.3 3 1
github.com/martinsd3v/planets/core/domains/user/services/authenticate/authenticate_user_service.go:48.21,52.20 2 1
github.com/martinsd3v/planets/core/domains/user/services/authenticate/authenticate_user_service.go:52.20,54.18 2 1
github.com/martinsd3v/planets/core/domains/user/services/authenticate/authenticate_user_service.go:60.4,62.10 3 1
github.com/martinsd3v/planets/core/domains/user/services/authenticate/authenticate_user_service.go:54.18,58.5 3 1
github.com/martinsd3v/planets/core/domains/user/services/create/create_user_service.go:31.120,40.16 7 1
github.com/martinsd3v/planets/core/domains/user/services/create/create_user_service.go:45.2,45.28 1 1
github.com/martinsd3v/planets/core/domains/user/services/create/create_user_service.go:49.2,49.30 1 1
github.com/martinsd3v/planets/core/domains/user/services/create/create_user_service.go:58.2,69.16 7 1
github.com/martinsd3v/planets/core/domains/user/services/create/create_user_service.go:75.2,76.8 2 1
github.com/martinsd3v/planets/core/domains/user/services/create/create_user_service.go:40.16,42.3 1 1
github.com/martinsd3v/planets/core/domains/user/services/create/create_user_service.go:45.28,47.3 1 1
github.com/martinsd3v/planets/core/domains/user/services/create/create_user_service.go:49.30,55.3 5 1
github.com/martinsd3v/planets/core/domains/user/services/create/create_user_service.go:69.16,73.3 3 1
github.com/martinsd3v/planets/core/domains/user/services/destroy/destroy_user_service.go:19.101,26.16 5 1
github.com/martinsd3v/planets/core/domains/user/services/destroy/destroy_user_service.go:33.2,34.16 2 1
github.com/martinsd3v/planets/core/domains/user/services/destroy/destroy_user_service.go:40.2,40.21 1 1
github.com/martinsd3v/planets/core/domains/user/services/destroy/destroy_user_service.go:52.2,54.8 3 1
github.com/martinsd3v/planets/core/domains/user/services/destroy/destroy_user_service.go:26.16,31.3 4 1
github.com/martinsd3v/planets/core/domains/user/services/destroy/destroy_user_service.go:34.16,38.3 3 1
github.com/martinsd3v/planets/core/domains/user/services/destroy/destroy_user_service.go:40.21,42.17 2 1
github.com/martinsd3v/planets/core/domains/user/services/destroy/destroy_user_service.go:48.3,49.9 2 1
github.com/martinsd3v/planets/core/domains/user/services/destroy/destroy_user_service.go:42.17,46.4 3 1
github.com/martinsd3v/planets/core/domains/user/services/index/index_user_service.go:20.110,28.16 6 1
github.com/martinsd3v/planets/core/domains/user/services/index/index_user_service.go:34.2,35.8 2 1
github.com/martinsd3v/planets/core/domains/user/services/index/index_user_service.go:28.16,32.3 3 1
github.com/martinsd3v/planets/core/domains/user/services/show/show_user_service.go:20.121,28.16 6 1
github.com/martinsd3v/planets/core/domains/user/services/show/show_user_service.go:34.2,35.8 2 1
github.com/martinsd3v/planets/core/domains/user/services/show/show_user_service.go:28.16,32.3 3 1
github.com/martinsd3v/planets/core/domains/user/services/update/update_user_service.go:32.120,42.16 7 1
github.com/martinsd3v/planets/core/domains/user/services/update/update_user_service.go:46.2,46.60 1 1
github.com/martinsd3v/planets/core/domains/user/services/update/update_user_service.go:51.2,52.16 2 1
github.com/martinsd3v/planets/core/domains/user/services/update/update_user_service.go:58.2,58.31 1 1
github.com/martinsd3v/planets/core/domains/user/services/update/update_user_service.go:62.2,62.30 1 1
github.com/martinsd3v/planets/core/domains/user/services/update/update_user_service.go:71.2,71.24 1 1
github.com/martinsd3v/planets/core/domains/user/services/update/update_user_service.go:78.2,83.16 4 1
github.com/martinsd3v/planets/core/domains/user/services/update/update_user_service.go:89.2,90.8 2 1
github.com/martinsd3v/planets/core/domains/user/services/update/update_user_service.go:42.16,44.3 1 1
github.com/martinsd3v/planets/core/domains/user/services/update/update_user_service.go:46.60,48.3 1 1
github.com/martinsd3v/planets/core/domains/user/services/update/update_user_service.go:52.16,56.3 3 1
github.com/martinsd3v/planets/core/domains/user/services/update/update_user_service.go:58.31,60.3 1 1
github.com/martinsd3v/planets/core/domains/user/services/update/update_user_service.go:62.30,68.3 5 1
github.com/martinsd3v/planets/core/domains/user/services/update/update_user_service.go:71.24,73.3 1 1
github.com/martinsd3v/planets/core/domains/user/services/update/update_user_service.go:73.8,75.3 1 1
github.com/martinsd3v/planets/core/domains/user/services/update/update_user_service.go:83.16,87.3 3 1
github.com/martinsd3v/planets/core/tools/providers/hash/password_hash.go:11.26,13.2 1 1
github.com/martinsd3v/planets/core/tools/providers/hash/password_hash.go:19.57,22.2 2 1
github.com/martinsd3v/planets/core/tools/providers/hash/password_hash.go:25.71,28.2 2 1
github.com/martinsd3v/planets/core/tools/providers/jwt/token.go:27.35,31.2 1 1
github.com/martinsd3v/planets/core/tools/providers/jwt/token.go:37.78,49.2 8 1
github.com/martinsd3v/planets/core/tools/providers/jwt/token.go:52.54,56.2 2 1
github.com/martinsd3v/planets/core/tools/providers/jwt/token.go:59.75,60.32 1 1
github.com/martinsd3v/planets/core/tools/providers/jwt/token.go:76.2,76.41 1 1
github.com/martinsd3v/planets/core/tools/providers/jwt/token.go:60.32,62.17 2 1
github.com/martinsd3v/planets/core/tools/providers/jwt/token.go:62.17,64.18 2 1
github.com/martinsd3v/planets/core/tools/providers/jwt/token.go:64.18,66.19 2 1
github.com/martinsd3v/planets/core/tools/providers/jwt/token.go:66.19,71.6 2 1
github.com/martinsd3v/planets/core/tools/validations/validator/date.go:10.61,28.10 5 1
github.com/martinsd3v/planets/core/tools/validations/validator/date.go:36.2,39.10 3 1
github.com/martinsd3v/planets/core/tools/validations/validator/date.go:46.2,49.39 3 1
github.com/martinsd3v/planets/core/tools/validations/validator/date.go:57.2,59.20 2 1
github.com/martinsd3v/planets/core/tools/validations/validator/date.go:67.2,67.8 1 1
github.com/martinsd3v/planets/core/tools/validations/validator/date.go:28.10,33.3 4 1
github.com/martinsd3v/planets/core/tools/validations/validator/date.go:39.10,44.3 4 1
github.com/martinsd3v/planets/core/tools/validations/validator/date.go:49.39,55.3 5 1
github.com/martinsd3v/planets/core/tools/validations/validator/date.go:59.20,61.3 1 1
github.com/martinsd3v/planets/core/tools/validations/validator/date.go:61.8,61.23 1 1
github.com/martinsd3v/planets/core/tools/validations/validator/date.go:61.23,63.3 1 1
github.com/martinsd3v/planets/core/tools/validations/validator/date.go:63.8,65.3 1 1
github.com/martinsd3v/planets/core/tools/validations/validator/util.go:10.40,13.2 2 1
github.com/martinsd3v/planets/core/tools/validations/validator/util.go:16.58,19.2 2 1
github.com/martinsd3v/planets/core/tools/validations/validator/util.go:22.31,24.50 2 1
github.com/martinsd3v/planets/core/tools/validations/validator/util.go:27.2,27.18 1 1
github.com/martinsd3v/planets/core/tools/validations/validator/util.go:24.50,26.3 1 1
github.com/martinsd3v/planets/core/tools/validations/validator/util.go:31.43,33.2 1 1
